2025-07-06 22:53:34,298 - __main__ - INFO - SQLite backup created: data/medtran.db.backup_20250706_225334
2025-07-06 22:53:34,298 - __main__ - INFO - Starting SQLite to MongoDB migration...
2025-07-06 22:53:34,299 - __main__ - INFO - Connected to SQLite database: data/medtran.db
2025-07-06 22:53:39,378 - src.database.mongo_db - ERROR - MongoDB connection failed: localhost:27017: [WinError 10061] No connection could be made because the target machine actively refused it (configured timeouts: socketTimeoutMS: 20000.0ms, connectTimeoutMS: 20000.0ms), Timeout: 5.0s, Topology Description: <TopologyDescription id: 686ab81ea96239d524cef077, topology_type: Unknown, servers: [<ServerDescription ('localhost', 27017) server_type: Unknown, rtt: None, error=AutoReconnect('localhost:27017: [WinError 10061] No connection could be made because the target machine actively refused it (configured timeouts: socketTimeoutMS: 20000.0ms, connectTimeoutMS: 20000.0ms)')>]>
2025-07-06 22:53:39,379 - src.database.mongo_db - INFO - MongoDB connection closed
2025-07-06 22:56:58,516 - __main__ - INFO - SQLite backup created: data/medtran.db.backup_20250706_225658
2025-07-06 22:56:58,517 - __main__ - INFO - Starting SQLite to MongoDB migration...
2025-07-06 22:56:58,517 - __main__ - INFO - Connected to SQLite database: data/medtran.db
2025-07-06 22:57:03,602 - src.database.mongo_db - ERROR - MongoDB connection failed: localhost:27017: [WinError 10061] No connection could be made because the target machine actively refused it (configured timeouts: socketTimeoutMS: 20000.0ms, connectTimeoutMS: 20000.0ms), Timeout: 5.0s, Topology Description: <TopologyDescription id: 686ab8eab2f5dced01ee6a47, topology_type: Unknown, servers: [<ServerDescription ('localhost', 27017) server_type: Unknown, rtt: None, error=AutoReconnect('localhost:27017: [WinError 10061] No connection could be made because the target machine actively refused it (configured timeouts: socketTimeoutMS: 20000.0ms, connectTimeoutMS: 20000.0ms)')>]>
2025-07-06 22:57:03,603 - src.database.mongo_db - INFO - MongoDB connection closed
2025-07-06 23:00:55,248 - __main__ - INFO - SQLite backup created: data/medtran.db.backup_20250706_230055
2025-07-06 23:00:55,249 - __main__ - INFO - Starting SQLite to MongoDB Atlas migration...
2025-07-06 23:00:55,249 - __main__ - INFO - Connected to SQLite database: data/medtran.db
2025-07-06 23:00:55,946 - src.database.mongo_db - INFO - Connected to MongoDB database: medrep
2025-07-06 23:00:56,564 - src.database.mongo_db - INFO - Connected to MongoDB database: medrep
2025-07-06 23:00:57,784 - src.database.mongo_db - INFO - MongoDB collections and indexes initialized successfully
2025-07-06 23:00:57,784 - __main__ - INFO - Starting customers migration...
2025-07-06 23:00:57,785 - __main__ - INFO - Migrating 4 customers...
2025-07-06 23:00:58,022 - __main__ - INFO - Successfully migrated 4 customers
2025-07-06 23:00:58,022 - __main__ - INFO - Completed customers migration
2025-07-06 23:00:58,023 - __main__ - INFO - Starting products migration...
2025-07-06 23:00:58,023 - __main__ - INFO - Migrating 5 products...
2025-07-06 23:00:58,024 - __main__ - ERROR - Error migrating products: 'sqlite3.Row' object has no attribute 'get'
2025-07-06 23:00:58,024 - __main__ - ERROR - Failed to migrate products
2025-07-06 23:00:58,077 - src.database.mongo_db - INFO - MongoDB connection closed
2025-07-06 23:04:10,947 - __main__ - INFO - SQLite backup created: data/medtran.db.backup_20250706_230410
2025-07-06 23:04:10,947 - __main__ - INFO - Starting SQLite to MongoDB Atlas migration...
2025-07-06 23:04:10,948 - __main__ - INFO - Connected to SQLite database: data/medtran.db
2025-07-06 23:04:12,479 - src.database.mongo_db - INFO - Connected to MongoDB database: medrep
2025-07-06 23:04:13,089 - src.database.mongo_db - INFO - Connected to MongoDB database: medrep
2025-07-06 23:04:14,104 - src.database.mongo_db - INFO - MongoDB collections and indexes initialized successfully
2025-07-06 23:04:14,104 - __main__ - INFO - Starting customers migration...
2025-07-06 23:04:14,105 - __main__ - INFO - Migrating 4 customers...
2025-07-06 23:04:14,331 - __main__ - INFO - Successfully migrated 4 customers
2025-07-06 23:04:14,331 - __main__ - INFO - Completed customers migration
2025-07-06 23:04:14,332 - __main__ - INFO - Starting products migration...
2025-07-06 23:04:14,332 - __main__ - INFO - Migrating 5 products...
2025-07-06 23:04:14,611 - __main__ - INFO - Successfully migrated 5 products
2025-07-06 23:04:14,611 - __main__ - INFO - Completed products migration
2025-07-06 23:04:14,611 - __main__ - INFO - Starting entries migration...
2025-07-06 23:04:14,612 - __main__ - INFO - Migrating 31 entries...
2025-07-06 23:04:16,463 - __main__ - INFO - Successfully migrated entries
2025-07-06 23:04:16,463 - __main__ - INFO - Completed entries migration
2025-07-06 23:04:16,463 - __main__ - INFO - Starting transactions migration...
2025-07-06 23:04:16,464 - __main__ - INFO - Migrating 31 transactions...
2025-07-06 23:04:18,276 - __main__ - INFO - Successfully migrated transactions
2025-07-06 23:04:18,277 - __main__ - INFO - Completed transactions migration
2025-07-06 23:04:18,277 - __main__ - INFO - Starting users migration...
2025-07-06 23:04:18,277 - __main__ - INFO - Migrating 1 users...
2025-07-06 23:04:18,278 - __main__ - ERROR - Error migrating users: 'sqlite3.Row' object has no attribute 'get'
2025-07-06 23:04:18,278 - __main__ - ERROR - Failed to migrate users
2025-07-06 23:04:18,331 - src.database.mongo_db - INFO - MongoDB connection closed
2025-07-06 23:07:33,131 - __main__ - INFO - SQLite backup created: data/medtran.db.backup_20250706_230733
2025-07-06 23:07:33,131 - __main__ - INFO - Starting SQLite to MongoDB Atlas migration...
2025-07-06 23:07:33,132 - __main__ - INFO - Connected to SQLite database: data/medtran.db
2025-07-06 23:07:34,822 - src.database.mongo_db - INFO - Connected to MongoDB database: medrep
2025-07-06 23:07:35,478 - src.database.mongo_db - INFO - Connected to MongoDB database: medrep
2025-07-06 23:07:36,504 - src.database.mongo_db - INFO - MongoDB collections and indexes initialized successfully
2025-07-06 23:07:36,505 - __main__ - INFO - Starting customers migration...
2025-07-06 23:07:36,505 - __main__ - INFO - Migrating 4 customers...
2025-07-06 23:07:36,741 - __main__ - INFO - Successfully migrated 4 customers
2025-07-06 23:07:36,742 - __main__ - INFO - Completed customers migration
2025-07-06 23:07:36,742 - __main__ - INFO - Starting products migration...
2025-07-06 23:07:36,742 - __main__ - INFO - Migrating 5 products...
2025-07-06 23:07:37,034 - __main__ - INFO - Successfully migrated 5 products
2025-07-06 23:07:37,034 - __main__ - INFO - Completed products migration
2025-07-06 23:07:37,035 - __main__ - INFO - Starting entries migration...
2025-07-06 23:07:37,035 - __main__ - INFO - Migrating 31 entries...
2025-07-06 23:07:38,951 - __main__ - INFO - Successfully migrated entries
2025-07-06 23:07:38,951 - __main__ - INFO - Completed entries migration
2025-07-06 23:07:38,951 - __main__ - INFO - Starting transactions migration...
2025-07-06 23:07:38,952 - __main__ - INFO - Migrating 31 transactions...
2025-07-06 23:07:40,778 - __main__ - INFO - Successfully migrated transactions
2025-07-06 23:07:40,778 - __main__ - INFO - Completed transactions migration
2025-07-06 23:07:40,778 - __main__ - INFO - Starting users migration...
2025-07-06 23:07:40,779 - __main__ - INFO - Migrating 1 users...
2025-07-06 23:07:40,835 - __main__ - INFO - Successfully migrated users
2025-07-06 23:07:40,836 - __main__ - INFO - Completed users migration
2025-07-06 23:07:40,836 - __main__ - INFO - Verifying migration...
2025-07-06 23:07:41,066 - __main__ - ERROR - Migration verification failed - some records may be missing
2025-07-06 23:07:41,066 - __main__ - WARNING - Migration verification failed, but migration may still be usable
2025-07-06 23:07:41,066 - __main__ - INFO - Migration completed successfully!
2025-07-06 23:07:41,121 - src.database.mongo_db - INFO - MongoDB connection closed
2025-07-06 23:35:01,650 - __main__ - INFO - SQLite backup created: data/medtran.db.backup_20250706_233501
2025-07-06 23:35:01,651 - __main__ - INFO - Starting SQLite to MongoDB Atlas migration...
2025-07-06 23:35:01,651 - __main__ - INFO - Connected to SQLite database: data/medtran.db
2025-07-06 23:35:03,194 - src.database.mongo_db - INFO - Connected to MongoDB database: medrep
2025-07-06 23:35:03,817 - src.database.mongo_db - INFO - Connected to MongoDB database: medrep
2025-07-06 23:35:04,823 - src.database.mongo_db - INFO - MongoDB collections and indexes initialized successfully
2025-07-06 23:35:04,823 - __main__ - INFO - Starting customers migration...
2025-07-06 23:35:04,824 - __main__ - INFO - Migrating 5 customers...
2025-07-06 23:35:05,117 - __main__ - INFO - Successfully migrated 5 customers
2025-07-06 23:35:05,117 - __main__ - INFO - Completed customers migration
2025-07-06 23:35:05,117 - __main__ - INFO - Starting products migration...
2025-07-06 23:35:05,118 - __main__ - INFO - Migrating 5 products...
2025-07-06 23:35:05,407 - __main__ - INFO - Successfully migrated 5 products
2025-07-06 23:35:05,408 - __main__ - INFO - Completed products migration
2025-07-06 23:35:05,408 - __main__ - INFO - Starting entries migration...
2025-07-06 23:35:05,408 - __main__ - INFO - Migrating 36 entries...
2025-07-06 23:35:07,622 - __main__ - INFO - Successfully migrated entries
2025-07-06 23:35:07,622 - __main__ - INFO - Completed entries migration
2025-07-06 23:35:07,622 - __main__ - INFO - Starting transactions migration...
2025-07-06 23:35:07,623 - __main__ - INFO - Migrating 36 transactions...
2025-07-06 23:35:09,776 - __main__ - INFO - Successfully migrated transactions
2025-07-06 23:35:09,776 - __main__ - INFO - Completed transactions migration
2025-07-06 23:35:09,777 - __main__ - INFO - Starting users migration...
2025-07-06 23:35:09,777 - __main__ - INFO - Migrating 1 users...
2025-07-06 23:35:09,832 - __main__ - ERROR - Error migrating users: E11000 duplicate key error collection: medrep.users index: username_1 dup key: { username: "admin" }, full error: {'index': 0, 'code': 11000, 'errmsg': 'E11000 duplicate key error collection: medrep.users index: username_1 dup key: { username: "admin" }', 'keyPattern': {'username': 1}, 'keyValue': {'username': 'admin'}}
2025-07-06 23:35:09,833 - __main__ - ERROR - Failed to migrate users
2025-07-06 23:35:09,888 - src.database.mongo_db - INFO - MongoDB connection closed
2025-07-06 23:36:51,960 - __main__ - INFO - SQLite backup created: data/medtran.db.backup_20250706_233651
2025-07-06 23:36:51,960 - __main__ - INFO - Starting SQLite to MongoDB Atlas migration...
2025-07-06 23:36:51,961 - __main__ - INFO - Connected to SQLite database: data/medtran.db
2025-07-06 23:36:53,508 - src.database.mongo_db - INFO - Connected to MongoDB database: medrep
2025-07-06 23:36:54,148 - src.database.mongo_db - INFO - Connected to MongoDB database: medrep
2025-07-06 23:36:55,409 - src.database.mongo_db - INFO - MongoDB collections and indexes initialized successfully
2025-07-06 23:36:55,410 - __main__ - INFO - Starting customers migration...
2025-07-06 23:36:55,411 - __main__ - INFO - Migrating 5 customers...
2025-07-06 23:36:55,692 - __main__ - INFO - Successfully migrated 5 customers
2025-07-06 23:36:55,692 - __main__ - INFO - Completed customers migration
2025-07-06 23:36:55,692 - __main__ - INFO - Starting products migration...
2025-07-06 23:36:55,693 - __main__ - INFO - Migrating 5 products...
2025-07-06 23:36:55,972 - __main__ - INFO - Successfully migrated 5 products
2025-07-06 23:36:55,973 - __main__ - INFO - Completed products migration
2025-07-06 23:36:55,973 - __main__ - INFO - Starting entries migration...
2025-07-06 23:36:55,973 - __main__ - INFO - Migrating 36 entries...
2025-07-06 23:36:58,146 - __main__ - INFO - Successfully migrated entries
2025-07-06 23:36:58,146 - __main__ - INFO - Completed entries migration
2025-07-06 23:36:58,147 - __main__ - INFO - Starting transactions migration...
2025-07-06 23:36:58,147 - __main__ - INFO - Migrating 36 transactions...
2025-07-06 23:37:00,312 - __main__ - INFO - Successfully migrated transactions
2025-07-06 23:37:00,312 - __main__ - INFO - Completed transactions migration
2025-07-06 23:37:00,312 - __main__ - INFO - Starting users migration...
2025-07-06 23:37:00,313 - __main__ - INFO - Migrating 1 users...
2025-07-06 23:37:00,366 - __main__ - WARNING - Skipping duplicate user 'admin': E11000 duplicate key error collection: medrep.users index: username_1 dup key: { username: "admin" }, full error: {'index': 0, 'code': 11000, 'errmsg': 'E11000 duplicate key error collection: medrep.users index: username_1 dup key: { username: "admin" }', 'keyPattern': {'username': 1}, 'keyValue': {'username': 'admin'}}
2025-07-06 23:37:00,367 - __main__ - INFO - Successfully migrated users
2025-07-06 23:37:00,367 - __main__ - INFO - Completed users migration
2025-07-06 23:37:00,367 - __main__ - INFO - Verifying migration...
2025-07-06 23:37:00,608 - __main__ - ERROR - Migration verification failed - some records may be missing
2025-07-06 23:37:00,608 - __main__ - WARNING - Migration verification failed, but migration may still be usable
2025-07-06 23:37:00,608 - __main__ - INFO - Migration completed successfully!
2025-07-06 23:37:00,663 - src.database.mongo_db - INFO - MongoDB connection closed
2025-07-06 23:46:52,432 - __main__ - INFO - SQLite backup created: data/medtran.db.backup_20250706_234652
2025-07-06 23:46:52,432 - __main__ - INFO - Starting SQLite to MongoDB Atlas migration...
2025-07-06 23:46:52,433 - __main__ - INFO - Connected to SQLite database: data/medtran.db
2025-07-06 23:46:53,940 - src.database.mongo_db - INFO - Connected to MongoDB database: medrep
2025-07-06 23:46:54,554 - src.database.mongo_db - INFO - Connected to MongoDB database: medrep
2025-07-06 23:46:55,531 - src.database.mongo_db - INFO - MongoDB collections and indexes initialized successfully
2025-07-06 23:46:55,532 - __main__ - INFO - Starting customers migration...
2025-07-06 23:46:55,533 - __main__ - INFO - Migrating 5 customers...
2025-07-06 23:46:55,840 - __main__ - INFO - Successfully migrated 5 customers
2025-07-06 23:46:55,840 - __main__ - INFO - Completed customers migration
2025-07-06 23:46:55,841 - __main__ - INFO - Starting products migration...
2025-07-06 23:46:55,841 - __main__ - INFO - Migrating 5 products...
2025-07-06 23:46:56,116 - __main__ - INFO - Successfully migrated 5 products
2025-07-06 23:46:56,116 - __main__ - INFO - Completed products migration
2025-07-06 23:46:56,116 - __main__ - INFO - Starting entries migration...
2025-07-06 23:46:56,117 - __main__ - INFO - Migrating 36 entries...
2025-07-06 23:46:58,215 - __main__ - INFO - Successfully migrated entries
2025-07-06 23:46:58,216 - __main__ - INFO - Completed entries migration
2025-07-06 23:46:58,216 - __main__ - INFO - Starting transactions migration...
2025-07-06 23:46:58,217 - __main__ - INFO - Migrating 36 transactions...
2025-07-06 23:47:00,289 - __main__ - INFO - Successfully migrated transactions
2025-07-06 23:47:00,290 - __main__ - INFO - Completed transactions migration
2025-07-06 23:47:00,290 - __main__ - INFO - Starting users migration...
2025-07-06 23:47:00,291 - __main__ - INFO - Migrating 1 users...
2025-07-06 23:47:00,344 - __main__ - WARNING - Skipping duplicate user 'admin': E11000 duplicate key error collection: medrep.users index: username_1 dup key: { username: "admin" }, full error: {'index': 0, 'code': 11000, 'errmsg': 'E11000 duplicate key error collection: medrep.users index: username_1 dup key: { username: "admin" }', 'keyPattern': {'username': 1}, 'keyValue': {'username': 'admin'}}
2025-07-06 23:47:00,344 - __main__ - INFO - Successfully migrated users
2025-07-06 23:47:00,344 - __main__ - INFO - Completed users migration
2025-07-06 23:47:00,345 - __main__ - INFO - Verifying migration...
2025-07-06 23:47:00,555 - __main__ - ERROR - [MISMATCH] customers: SQLite=5, MongoDB=27
2025-07-06 23:47:00,556 - __main__ - ERROR - [MISMATCH] products: SQLite=5, MongoDB=25
2025-07-06 23:47:00,556 - __main__ - ERROR - [MISMATCH] entries: SQLite=36, MongoDB=170
2025-07-06 23:47:00,556 - __main__ - ERROR - [MISMATCH] transactions: SQLite=36, MongoDB=170
2025-07-06 23:47:00,556 - __main__ - ERROR - Migration verification failed - some records may be missing
2025-07-06 23:47:00,557 - __main__ - WARNING - Migration verification failed, but migration may still be usable
2025-07-06 23:47:00,557 - __main__ - INFO - Migration completed successfully!
2025-07-06 23:47:00,610 - src.database.mongo_db - INFO - MongoDB connection closed
2025-07-06 23:50:33,568 - __main__ - INFO - SQLite backup created: data/medtran.db.backup_20250706_235033
2025-07-06 23:50:33,569 - __main__ - INFO - Starting SQLite to MongoDB Atlas migration...
2025-07-06 23:50:33,569 - __main__ - INFO - Connected to SQLite database: data/medtran.db
2025-07-06 23:50:35,019 - src.database.mongo_db - INFO - Connected to MongoDB database: medrep
2025-07-06 23:50:35,617 - src.database.mongo_db - INFO - Connected to MongoDB database: medrep
2025-07-06 23:50:36,600 - src.database.mongo_db - INFO - MongoDB collections and indexes initialized successfully
2025-07-06 23:50:36,601 - __main__ - INFO - Starting customers migration...
2025-07-06 23:50:36,602 - __main__ - INFO - Migrating 5 customers...
2025-07-06 23:50:36,883 - __main__ - INFO - Successfully migrated 5 customers
2025-07-06 23:50:36,883 - __main__ - INFO - Completed customers migration
2025-07-06 23:50:36,884 - __main__ - INFO - Starting products migration...
2025-07-06 23:50:36,884 - __main__ - INFO - Migrating 5 products...
2025-07-06 23:50:37,162 - __main__ - INFO - Successfully migrated 5 products
2025-07-06 23:50:37,162 - __main__ - INFO - Completed products migration
2025-07-06 23:50:37,163 - __main__ - INFO - Starting entries migration...
2025-07-06 23:50:37,163 - __main__ - INFO - Migrating 36 entries...
2025-07-06 23:50:39,296 - __main__ - INFO - Successfully migrated entries
2025-07-06 23:50:39,297 - __main__ - INFO - Completed entries migration
2025-07-06 23:50:39,297 - __main__ - INFO - Starting transactions migration...
2025-07-06 23:50:39,297 - __main__ - INFO - Migrating 36 transactions...
2025-07-06 23:50:41,431 - __main__ - INFO - Successfully migrated transactions
2025-07-06 23:50:41,431 - __main__ - INFO - Completed transactions migration
2025-07-06 23:50:41,431 - __main__ - INFO - Starting users migration...
2025-07-06 23:50:41,432 - __main__ - INFO - Migrating 1 users...
2025-07-06 23:50:41,485 - __main__ - WARNING - Skipping duplicate user 'admin': E11000 duplicate key error collection: medrep.users index: username_1 dup key: { username: "admin" }, full error: {'index': 0, 'code': 11000, 'errmsg': 'E11000 duplicate key error collection: medrep.users index: username_1 dup key: { username: "admin" }', 'keyPattern': {'username': 1}, 'keyValue': {'username': 'admin'}}
2025-07-06 23:50:41,486 - __main__ - INFO - Successfully migrated users
2025-07-06 23:50:41,486 - __main__ - INFO - Completed users migration
2025-07-06 23:50:41,486 - __main__ - INFO - Verifying migration...
2025-07-06 23:50:41,700 - __main__ - ERROR - [MISMATCH] customers: SQLite=5, MongoDB=32
2025-07-06 23:50:41,700 - __main__ - ERROR - [MISMATCH] products: SQLite=5, MongoDB=30
2025-07-06 23:50:41,700 - __main__ - ERROR - [MISMATCH] entries: SQLite=36, MongoDB=206
2025-07-06 23:50:41,701 - __main__ - ERROR - [MISMATCH] transactions: SQLite=36, MongoDB=206
2025-07-06 23:50:41,701 - __main__ - ERROR - Migration verification failed - some records may be missing
2025-07-06 23:50:41,701 - __main__ - WARNING - Migration verification failed, but migration may still be usable
2025-07-06 23:50:41,701 - __main__ - INFO - Migration completed successfully!
2025-07-06 23:50:41,755 - src.database.mongo_db - INFO - MongoDB connection closed
2025-07-06 23:52:39,668 - __main__ - INFO - SQLite backup created: data/medtran.db.backup_20250706_235239
2025-07-06 23:52:39,668 - __main__ - INFO - Starting SQLite to MongoDB Atlas migration...
2025-07-06 23:52:39,669 - __main__ - INFO - Connected to SQLite database: data/medtran.db
2025-07-06 23:52:41,241 - src.database.mongo_db - INFO - Connected to MongoDB database: medrep
2025-07-06 23:52:41,884 - src.database.mongo_db - INFO - Connected to MongoDB database: medrep
2025-07-06 23:52:42,878 - src.database.mongo_db - INFO - MongoDB collections and indexes initialized successfully
2025-07-06 23:52:42,878 - __main__ - INFO - Starting customers migration...
2025-07-06 23:52:42,879 - __main__ - INFO - Migrating 5 customers...
2025-07-06 23:52:43,167 - __main__ - INFO - Successfully migrated 5 customers
2025-07-06 23:52:43,167 - __main__ - INFO - Completed customers migration
2025-07-06 23:52:43,167 - __main__ - INFO - Starting products migration...
2025-07-06 23:52:43,168 - __main__ - INFO - Migrating 5 products...
2025-07-06 23:52:43,464 - __main__ - INFO - Successfully migrated 5 products
2025-07-06 23:52:43,464 - __main__ - INFO - Completed products migration
2025-07-06 23:52:43,464 - __main__ - INFO - Starting entries migration...
2025-07-06 23:52:43,465 - __main__ - INFO - Migrating 36 entries...
2025-07-06 23:52:45,632 - __main__ - INFO - Successfully migrated entries
2025-07-06 23:52:45,633 - __main__ - INFO - Completed entries migration
2025-07-06 23:52:45,633 - __main__ - INFO - Starting transactions migration...
2025-07-06 23:52:45,634 - __main__ - INFO - Migrating 36 transactions...
2025-07-06 23:52:47,791 - __main__ - INFO - Successfully migrated transactions
2025-07-06 23:52:47,791 - __main__ - INFO - Completed transactions migration
2025-07-06 23:52:47,791 - __main__ - INFO - Starting users migration...
2025-07-06 23:52:47,792 - __main__ - INFO - Migrating 1 users...
2025-07-06 23:52:47,848 - __main__ - INFO - Successfully migrated users
2025-07-06 23:52:47,848 - __main__ - INFO - Completed users migration
2025-07-06 23:52:47,848 - __main__ - INFO - Verifying migration...
2025-07-06 23:52:48,067 - __main__ - ERROR - [MISMATCH] customers: SQLite=5, MongoDB=37
2025-07-06 23:52:48,067 - __main__ - ERROR - [MISMATCH] products: SQLite=5, MongoDB=35
2025-07-06 23:52:48,068 - __main__ - ERROR - [MISMATCH] entries: SQLite=36, MongoDB=242
2025-07-06 23:52:48,068 - __main__ - ERROR - [MISMATCH] transactions: SQLite=36, MongoDB=242
2025-07-06 23:52:48,068 - __main__ - ERROR - Migration verification failed - some records may be missing
2025-07-06 23:52:48,068 - __main__ - WARNING - Migration verification failed, but migration may still be usable
2025-07-06 23:52:48,068 - __main__ - INFO - Migration completed successfully!
2025-07-06 23:52:48,123 - src.database.mongo_db - INFO - MongoDB connection closed
