2025-05-09 01:17:38,480 - matplotlib.font_manager - INFO - generated new fontManager
2025-05-09 01:17:38,850 - src.database.db - INFO - Connected to database: data/medtran.db
2025-05-09 01:17:38,893 - src.database.db - INFO - Database initialized successfully
2025-05-09 01:17:38,894 - src.database.db - INFO - Database connection closed
2025-05-09 01:17:38,895 - src.database.db - INFO - Connected to database: data/medtran.db
2025-05-09 01:17:38,896 - src.database.db - INFO - Database connection closed
2025-05-09 01:17:38,897 - src.database.db - INFO - Connected to database: data/medtran.db
2025-05-09 01:17:38,903 - src.database.db - INFO - Sample data inserted successfully
2025-05-09 01:17:38,904 - src.database.db - INFO - Database connection closed
2025-05-09 01:17:39,252 - database.db - INFO - Connected to database: data/medtran.db
2025-05-09 01:17:39,253 - database.db - INFO - Database connection closed
2025-05-09 01:17:39,271 - database.db - INFO - Connected to database: data/medtran.db
2025-05-09 01:17:39,271 - database.db - INFO - Database connection closed
2025-05-09 01:17:39,272 - database.db - INFO - Connected to database: data/medtran.db
2025-05-09 01:17:39,272 - database.db - INFO - Database connection closed
2025-05-09 01:17:39,296 - database.db - INFO - Connected to database: data/medtran.db
2025-05-09 01:17:39,297 - database.db - INFO - Database connection closed
2025-05-09 01:18:26,770 - database.db - INFO - Connected to database: data/medtran.db
2025-05-09 01:18:28,070 - database.db - INFO - Database connection closed
2025-05-27 06:35:55,522 - matplotlib.font_manager - INFO - generated new fontManager
2025-05-27 12:22:47,401 - root - INFO - Configuration file not found, using defaults
2025-05-27 12:22:47,402 - root - INFO - Configuration saved to data\config.json
2025-05-27 12:22:47,403 - src.database.db - INFO - Connected to database: data\medtran.db
2025-05-27 12:22:47,405 - src.database.db - INFO - Migrating products table to include batch_number and expiry_date
2025-05-27 12:22:47,426 - src.database.db - INFO - Products table migration completed successfully
2025-05-27 12:22:47,426 - src.database.db - INFO - Database initialized successfully
2025-05-27 12:22:47,426 - src.database.db - INFO - Database connection closed
2025-05-27 12:22:47,427 - src.database.db - INFO - Connected to database: data\medtran.db
2025-05-27 12:22:47,428 - src.database.db - INFO - Database connection closed
2025-05-27 12:22:50,666 - database.db - INFO - Connected to database: data/medtran.db
2025-05-27 12:22:50,667 - database.db - INFO - Database connection closed
2025-05-27 12:22:50,668 - database.db - INFO - Connected to database: data/medtran.db
2025-05-27 12:22:50,669 - database.db - INFO - Database connection closed
2025-05-27 12:22:50,672 - database.db - INFO - Connected to database: data/medtran.db
2025-05-27 12:22:50,673 - database.db - INFO - Database connection closed
2025-05-27 12:22:50,676 - database.db - INFO - Connected to database: data/medtran.db
2025-05-27 12:22:50,681 - database.db - INFO - Database connection closed
2025-05-27 12:22:50,683 - database.db - INFO - Connected to database: data/medtran.db
2025-05-27 12:22:50,684 - database.db - INFO - Database connection closed
2025-05-27 12:22:50,685 - database.db - INFO - Connected to database: data/medtran.db
2025-05-27 12:22:50,686 - database.db - INFO - Database connection closed
2025-05-27 12:22:50,689 - database.db - INFO - Connected to database: data/medtran.db
2025-05-27 12:22:50,690 - database.db - INFO - Database connection closed
2025-05-27 12:22:50,728 - database.db - INFO - Connected to database: data/medtran.db
2025-05-27 12:22:50,729 - database.db - INFO - Database connection closed
2025-05-27 12:22:50,741 - database.db - INFO - Connected to database: data/medtran.db
2025-05-27 12:22:50,741 - database.db - INFO - Database connection closed
2025-05-27 12:22:50,742 - database.db - INFO - Connected to database: data/medtran.db
2025-05-27 12:22:50,742 - database.db - INFO - Database connection closed
2025-05-27 12:22:50,743 - database.db - INFO - Connected to database: data/medtran.db
2025-05-27 12:22:50,744 - database.db - INFO - Database connection closed
2025-05-27 12:22:50,752 - database.db - INFO - Connected to database: data/medtran.db
2025-05-27 12:22:50,752 - database.db - INFO - Database connection closed
2025-05-27 12:22:50,753 - database.db - INFO - Connected to database: data/medtran.db
2025-05-27 12:22:50,754 - database.db - INFO - Database connection closed
2025-05-27 12:23:28,545 - root - INFO - Configuration saved to data\config.json
2025-05-27 12:23:28,554 - root - INFO - Configuration saved to data\config.json
2025-05-27 12:23:35,438 - root - INFO - Configuration loaded from data\config.json
2025-05-27 12:23:35,439 - src.database.db - INFO - Connected to database: data\medtran.db
2025-05-27 12:23:35,441 - src.database.db - INFO - Database initialized successfully
2025-05-27 12:23:35,441 - src.database.db - INFO - Database connection closed
2025-05-27 12:23:35,441 - src.database.db - INFO - Connected to database: data\medtran.db
2025-05-27 12:23:35,442 - src.database.db - INFO - Database connection closed
2025-05-27 12:23:39,008 - database.db - INFO - Connected to database: data/medtran.db
2025-05-27 12:23:39,009 - database.db - INFO - Database connection closed
2025-05-27 12:23:39,010 - database.db - INFO - Connected to database: data/medtran.db
2025-05-27 12:23:39,011 - database.db - INFO - Database connection closed
2025-05-27 12:23:39,014 - database.db - INFO - Connected to database: data/medtran.db
2025-05-27 12:23:39,015 - database.db - INFO - Database connection closed
2025-05-27 12:23:39,018 - database.db - INFO - Connected to database: data/medtran.db
2025-05-27 12:23:39,023 - database.db - INFO - Database connection closed
2025-05-27 12:23:39,025 - database.db - INFO - Connected to database: data/medtran.db
2025-05-27 12:23:39,026 - database.db - INFO - Database connection closed
2025-05-27 12:23:39,027 - database.db - INFO - Connected to database: data/medtran.db
2025-05-27 12:23:39,027 - database.db - INFO - Database connection closed
2025-05-27 12:23:39,029 - database.db - INFO - Connected to database: data/medtran.db
2025-05-27 12:23:39,030 - database.db - INFO - Database connection closed
2025-05-27 12:23:39,067 - database.db - INFO - Connected to database: data/medtran.db
2025-05-27 12:23:39,068 - database.db - INFO - Database connection closed
2025-05-27 12:23:39,080 - database.db - INFO - Connected to database: data/medtran.db
2025-05-27 12:23:39,080 - database.db - INFO - Database connection closed
2025-05-27 12:23:39,081 - database.db - INFO - Connected to database: data/medtran.db
2025-05-27 12:23:39,081 - database.db - INFO - Database connection closed
2025-05-27 12:23:39,081 - database.db - INFO - Connected to database: data/medtran.db
2025-05-27 12:23:39,083 - database.db - INFO - Database connection closed
2025-05-27 12:23:39,092 - database.db - INFO - Connected to database: data/medtran.db
2025-05-27 12:23:39,093 - database.db - INFO - Database connection closed
2025-05-27 12:23:39,093 - database.db - INFO - Connected to database: data/medtran.db
2025-05-27 12:23:39,094 - database.db - INFO - Database connection closed
2025-05-27 12:29:06,881 - database.db - INFO - Connected to database: data/medtran.db
2025-05-27 12:29:11,931 - root - ERROR - Failed to initialize audit trail: database is locked
2025-05-27 12:29:11,932 - root - ERROR - Failed to log audit action: no such table: audit_trail
2025-05-27 12:29:13,852 - database.db - INFO - Database connection closed
2025-05-27 12:29:15,793 - database.db - INFO - Connected to database: data/medtran.db
2025-05-27 12:29:15,794 - database.db - INFO - Database connection closed
2025-05-27 12:29:38,208 - database.db - INFO - Connected to database: data/medtran.db
2025-05-27 12:29:38,210 - database.db - INFO - Database connection closed
2025-05-27 12:29:59,353 - root - INFO - Configuration saved to data\config.json
2025-05-27 12:29:59,354 - root - INFO - Configuration saved to data\config.json
2025-05-27 12:29:59,355 - root - INFO - Configuration saved to data\config.json
2025-05-27 12:29:59,356 - root - INFO - Configuration saved to data\config.json
2025-05-27 12:30:14,075 - root - INFO - Configuration saved to data\config.json
2025-05-27 12:30:14,076 - root - INFO - Configuration saved to data\config.json
2025-07-06 21:51:16,615 - root - INFO - Configuration loaded from data\config.json
2025-07-06 21:51:16,618 - src.database.db - INFO - Connected to database: data\medtran.db
2025-07-06 21:51:16,621 - src.database.db - INFO - Database initialized successfully
2025-07-06 21:51:16,622 - src.database.db - INFO - Database connection closed
2025-07-06 21:51:16,622 - src.database.db - INFO - Connected to database: data\medtran.db
2025-07-06 21:51:16,623 - src.database.db - INFO - Database connection closed
2025-07-06 21:51:22,454 - database.db - INFO - Connected to database: data/medtran.db
2025-07-06 21:51:22,456 - database.db - INFO - Database connection closed
2025-07-06 21:51:22,457 - database.db - INFO - Connected to database: data/medtran.db
2025-07-06 21:51:22,460 - database.db - INFO - Database connection closed
2025-07-06 21:51:22,463 - database.db - INFO - Connected to database: data/medtran.db
2025-07-06 21:51:22,465 - database.db - INFO - Database connection closed
2025-07-06 21:51:22,470 - database.db - INFO - Connected to database: data/medtran.db
2025-07-06 21:51:22,479 - database.db - INFO - Database connection closed
2025-07-06 21:51:22,481 - database.db - INFO - Connected to database: data/medtran.db
2025-07-06 21:51:22,484 - database.db - INFO - Database connection closed
2025-07-06 21:51:22,486 - database.db - INFO - Connected to database: data/medtran.db
2025-07-06 21:51:22,488 - database.db - INFO - Database connection closed
2025-07-06 21:51:22,490 - database.db - INFO - Connected to database: data/medtran.db
2025-07-06 21:51:22,491 - database.db - INFO - Database connection closed
2025-07-06 21:51:22,531 - src.database.db - INFO - Connected to database: data/medtran.db
2025-07-06 21:51:22,533 - src.database.db - INFO - Database connection closed
2025-07-06 21:51:22,546 - database.db - INFO - Connected to database: data/medtran.db
2025-07-06 21:51:22,547 - database.db - INFO - Database connection closed
2025-07-06 21:51:22,548 - database.db - INFO - Connected to database: data/medtran.db
2025-07-06 21:51:22,549 - database.db - INFO - Database connection closed
2025-07-06 21:51:22,549 - database.db - INFO - Connected to database: data/medtran.db
2025-07-06 21:51:22,551 - database.db - INFO - Database connection closed
2025-07-06 21:51:22,562 - database.db - INFO - Connected to database: data/medtran.db
2025-07-06 21:51:22,563 - database.db - INFO - Database connection closed
2025-07-06 21:51:22,564 - database.db - INFO - Connected to database: data/medtran.db
2025-07-06 21:51:22,565 - database.db - INFO - Database connection closed
2025-07-06 22:07:47,506 - database.db - INFO - Connected to database: data/medtran.db
2025-07-06 22:07:47,507 - database.db - INFO - Database connection closed
